#
# There is insufficient memory for the Java Runtime Environment to continue.
# Native memory allocation (malloc) failed to allocate 876336 bytes for Chunk::new
# Possible reasons:
#   The system is out of physical RAM or swap space
#   The process is running with CompressedOops enabled, and the Java Heap may be blocking the growth of the native heap
# Possible solutions:
#   Reduce memory load on the system
#   Increase physical memory or swap space
#   Check if swap backing store is full
#   Decrease Java heap size (-Xmx/-Xms)
#   Decrease number of Java threads
#   Decrease Java thread stack sizes (-Xss)
#   Set larger code cache with -XX:ReservedCodeCacheSize=
#   JVM is running with Unscaled Compressed Oops mode in which the Java heap is
#     placed in the first 4GB address space. The Java Heap base address is the
#     maximum limit for the native heap growth. Please use -XX:HeapBaseMinAddress
#     to set the Java Heap base and to place the Java Heap above 4GB virtual address.
# This output file may be truncated or incomplete.
#
#  Out of Memory Error (./open/src/hotspot/share/memory/arena.cpp:197), pid=8988, tid=10660
#
# JRE version: Java(TM) SE Runtime Environment 18.9 (11.0.10+8) (build 11.0.10+8-LTS-162)
# Java VM: Java HotSpot(TM) 64-Bit Server VM 18.9 (11.0.10+8-LTS-162, mixed mode, tiered, compressed oops, g1 gc, windows-amd64)
# No core dump will be written. Minidumps are not enabled by default on client versions of Windows
#

---------------  S U M M A R Y ------------

Command Line: -Dclassworlds.conf=C:\apache-maven-3.6.3\bin\..\bin\m2.conf -Dmaven.home=C:\apache-maven-3.6.3\bin\.. -Dlibrary.jansi.path=C:\apache-maven-3.6.3\bin\..\lib\jansi-native -Dmaven.multiModuleProjectDirectory=e:\Desktop\AREP\AREP-LAB-5 org.codehaus.plexus.classworlds.launcher.Launcher help:effective-pom -Doutput=c:\Users\user\AppData\Roaming\Code\User\workspaceStorage\f9cdd8425b25760165ddc5b479f73cf3\vscjava.vscode-maven\a8af915260466bd334d3b90de734d7e5 -f e:\Desktop\AREP\AREP-LAB-5\pom.xml

Host: Intel(R) Core(TM) i7-5500U CPU @ 2.40GHz, 4 cores, 7G,  Windows 10 , 64 bit Build 19041 (10.0.19041.804)
Time: Wed Mar 10 13:52:40 2021 Hora est. Pacífico, Sudamérica elapsed time: 12.007219 seconds (0d 0h 0m 12s)

---------------  T H R E A D  ---------------

Current thread (0x00000237224c6000):  JavaThread "C2 CompilerThread0" daemon [_thread_in_native, id=10660, stack(0x000000f78c800000,0x000000f78c900000)]


Current CompileTask:
C2:  12007 1778   !   4       java.lang.reflect.Field::declaredAnnotations (82 bytes)

Stack: [0x000000f78c800000,0x000000f78c900000]
Native frames: (J=compiled Java code, j=interpreted, Vv=VM code, C=native code)
V  [jvm.dll+0x613e6a]
V  [jvm.dll+0x74c1ff]
V  [jvm.dll+0x74d885]
V  [jvm.dll+0x74df03]
V  [jvm.dll+0x243b78]
V  [jvm.dll+0xba2cc]
V  [jvm.dll+0xba9cc]
V  [jvm.dll+0x346982]
V  [jvm.dll+0x3147d3]
V  [jvm.dll+0x313b1a]
V  [jvm.dll+0x1fd395]
V  [jvm.dll+0x1fc54f]
V  [jvm.dll+0x17f09c]
V  [jvm.dll+0x20bbd4]
V  [jvm.dll+0x209cab]
V  [jvm.dll+0x713619]
V  [jvm.dll+0x70c314]
V  [jvm.dll+0x613036]
C  [ucrtbase.dll+0x21bb2]
C  [KERNEL32.DLL+0x17034]
C  [ntdll.dll+0x4d241]


---------------  P R O C E S S  ---------------

Threads class SMR info:
_java_thread_list=0x00000237246b4120, length=10, elements={
0x0000023703fc8800, 0x00000237224b3000, 0x00000237224b4800, 0x00000237224be800,
0x00000237224bf000, 0x00000237224c6000, 0x00000237224eb800, 0x00000237224ec000,
0x0000023722fb4000, 0x0000023722fba000
}

Java Threads: ( => current thread )
  0x0000023703fc8800 JavaThread "main" [_thread_in_vm, id=6400, stack(0x000000f78bd00000,0x000000f78be00000)]
  0x00000237224b3000 JavaThread "Reference Handler" daemon [_thread_blocked, id=2340, stack(0x000000f78c400000,0x000000f78c500000)]
  0x00000237224b4800 JavaThread "Finalizer" daemon [_thread_blocked, id=6108, stack(0x000000f78c500000,0x000000f78c600000)]
  0x00000237224be800 JavaThread "Signal Dispatcher" daemon [_thread_blocked, id=4808, stack(0x000000f78c600000,0x000000f78c700000)]
  0x00000237224bf000 JavaThread "Attach Listener" daemon [_thread_blocked, id=10500, stack(0x000000f78c700000,0x000000f78c800000)]
=>0x00000237224c6000 JavaThread "C2 CompilerThread0" daemon [_thread_in_native, id=10660, stack(0x000000f78c800000,0x000000f78c900000)]
  0x00000237224eb800 JavaThread "C1 CompilerThread0" daemon [_thread_blocked, id=5236, stack(0x000000f78c900000,0x000000f78ca00000)]
  0x00000237224ec000 JavaThread "Sweeper thread" daemon [_thread_blocked, id=2912, stack(0x000000f78ca00000,0x000000f78cb00000)]
  0x0000023722fb4000 JavaThread "Service Thread" daemon [_thread_blocked, id=1464, stack(0x000000f78cb00000,0x000000f78cc00000)]
  0x0000023722fba000 JavaThread "Common-Cleaner" daemon [_thread_blocked, id=9404, stack(0x000000f78cd00000,0x000000f78ce00000)]

Other Threads:
  0x000002372247e800 VMThread "VM Thread" [stack: 0x000000f78c300000,0x000000f78c400000] [id=7572]
  0x0000023722fb9000 WatcherThread [stack: 0x000000f78cc00000,0x000000f78cd00000] [id=5952]
  0x0000023703fe0800 GCTaskThread "GC Thread#0" [stack: 0x000000f78be00000,0x000000f78bf00000] [id=3348]
  0x000002372387a000 GCTaskThread "GC Thread#1" [stack: 0x000000f78ce00000,0x000000f78cf00000] [id=9808]
  0x000002372387a800 GCTaskThread "GC Thread#2" [stack: 0x000000f78cf00000,0x000000f78d000000] [id=1096]
  0x0000023704011000 ConcurrentGCThread "G1 Main Marker" [stack: 0x000000f78bf00000,0x000000f78c000000] [id=3260]
  0x0000023704012800 ConcurrentGCThread "G1 Conc#0" [stack: 0x000000f78c000000,0x000000f78c100000] [id=10696]
  0x00000237040a4800 ConcurrentGCThread "G1 Refine#0" [stack: 0x000000f78c100000,0x000000f78c200000] [id=3516]
  0x00000237040a5800 ConcurrentGCThread "G1 Young RemSet Sampling" [stack: 0x000000f78c200000,0x000000f78c300000] [id=6912]

Threads with active compile tasks:
C2 CompilerThread0  12796 1778   !   4       java.lang.reflect.Field::declaredAnnotations (82 bytes)
C1 CompilerThread0  12796 1866   !   3       com.google.inject.spi.InjectionPoint::forConstructorOf (241 bytes)

VM state:not at safepoint (normal execution)

VM Mutex/Monitor currently owned by a thread: None

Heap address: 0x0000000081400000, size: 2028 MB, Compressed Oops mode: 32-bit
Narrow klass base: 0x0000000000000000, Narrow klass shift: 3
Compressed class space size: 1073741824 Address: 0x0000000100000000

Heap:
 garbage-first heap   total 131072K, used 11059K [0x0000000081400000, 0x0000000100000000)
  region size 1024K, 9 young (9216K), 2 survivors (2048K)
 Metaspace       used 18164K, capacity 18471K, committed 18560K, reserved 1069056K
  class space    used 1979K, capacity 2105K, committed 2176K, reserved 1048576K
Heap Regions: E=young(eden), S=young(survivor), O=old, HS=humongous(starts), HC=humongous(continues), CS=collection set, F=free, A=archive, TAMS=top-at-mark-start (previous, next)
|   0|0x0000000081400000, 0x0000000081500000, 0x0000000081500000|100%| O|  |TAMS 0x0000000081400000, 0x0000000081400000| Untracked 
|   1|0x0000000081500000, 0x0000000081600000, 0x0000000081600000|100%| O|  |TAMS 0x0000000081500000, 0x0000000081500000| Untracked 
|   2|0x0000000081600000, 0x0000000081700000, 0x0000000081700000|100%| O|  |TAMS 0x0000000081600000, 0x0000000081600000| Untracked 
|   3|0x0000000081700000, 0x0000000081700000, 0x0000000081800000|  0%| F|  |TAMS 0x0000000081700000, 0x0000000081700000| Untracked 
|   4|0x0000000081800000, 0x0000000081800000, 0x0000000081900000|  0%| F|  |TAMS 0x0000000081800000, 0x0000000081800000| Untracked 
|   5|0x0000000081900000, 0x0000000081900000, 0x0000000081a00000|  0%| F|  |TAMS 0x0000000081900000, 0x0000000081900000| Untracked 
|   6|0x0000000081a00000, 0x0000000081a00000, 0x0000000081b00000|  0%| F|  |TAMS 0x0000000081a00000, 0x0000000081a00000| Untracked 
|   7|0x0000000081b00000, 0x0000000081b00000, 0x0000000081c00000|  0%| F|  |TAMS 0x0000000081b00000, 0x0000000081b00000| Untracked 
|   8|0x0000000081c00000, 0x0000000081c00000, 0x0000000081d00000|  0%| F|  |TAMS 0x0000000081c00000, 0x0000000081c00000| Untracked 
|   9|0x0000000081d00000, 0x0000000081d00000, 0x0000000081e00000|  0%| F|  |TAMS 0x0000000081d00000, 0x0000000081d00000| Untracked 
|  10|0x0000000081e00000, 0x0000000081e00000, 0x0000000081f00000|  0%| F|  |TAMS 0x0000000081e00000, 0x0000000081e00000| Untracked 
|  11|0x0000000081f00000, 0x0000000081f00000, 0x0000000082000000|  0%| F|  |TAMS 0x0000000081f00000, 0x0000000081f00000| Untracked 
|  12|0x0000000082000000, 0x0000000082000000, 0x0000000082100000|  0%| F|  |TAMS 0x0000000082000000, 0x0000000082000000| Untracked 
|  13|0x0000000082100000, 0x0000000082100000, 0x0000000082200000|  0%| F|  |TAMS 0x0000000082100000, 0x0000000082100000| Untracked 
|  14|0x0000000082200000, 0x0000000082200000, 0x0000000082300000|  0%| F|  |TAMS 0x0000000082200000, 0x0000000082200000| Untracked 
|  15|0x0000000082300000, 0x0000000082300000, 0x0000000082400000|  0%| F|  |TAMS 0x0000000082300000, 0x0000000082300000| Untracked 
|  16|0x0000000082400000, 0x0000000082400000, 0x0000000082500000|  0%| F|  |TAMS 0x0000000082400000, 0x0000000082400000| Untracked 
|  17|0x0000000082500000, 0x0000000082500000, 0x0000000082600000|  0%| F|  |TAMS 0x0000000082500000, 0x0000000082500000| Untracked 
|  18|0x0000000082600000, 0x0000000082600000, 0x0000000082700000|  0%| F|  |TAMS 0x0000000082600000, 0x0000000082600000| Untracked 
|  19|0x0000000082700000, 0x0000000082700000, 0x0000000082800000|  0%| F|  |TAMS 0x0000000082700000, 0x0000000082700000| Untracked 
|  20|0x0000000082800000, 0x0000000082800000, 0x0000000082900000|  0%| F|  |TAMS 0x0000000082800000, 0x0000000082800000| Untracked 
|  21|0x0000000082900000, 0x0000000082900000, 0x0000000082a00000|  0%| F|  |TAMS 0x0000000082900000, 0x0000000082900000| Untracked 
|  22|0x0000000082a00000, 0x0000000082a00000, 0x0000000082b00000|  0%| F|  |TAMS 0x0000000082a00000, 0x0000000082a00000| Untracked 
|  23|0x0000000082b00000, 0x0000000082b00000, 0x0000000082c00000|  0%| F|  |TAMS 0x0000000082b00000, 0x0000000082b00000| Untracked 
|  24|0x0000000082c00000, 0x0000000082c00000, 0x0000000082d00000|  0%| F|  |TAMS 0x0000000082c00000, 0x0000000082c00000| Untracked 
|  25|0x0000000082d00000, 0x0000000082d00000, 0x0000000082e00000|  0%| F|  |TAMS 0x0000000082d00000, 0x0000000082d00000| Untracked 
|  26|0x0000000082e00000, 0x0000000082e00000, 0x0000000082f00000|  0%| F|  |TAMS 0x0000000082e00000, 0x0000000082e00000| Untracked 
|  27|0x0000000082f00000, 0x0000000082f00000, 0x0000000083000000|  0%| F|  |TAMS 0x0000000082f00000, 0x0000000082f00000| Untracked 
|  28|0x0000000083000000, 0x0000000083000000, 0x0000000083100000|  0%| F|  |TAMS 0x0000000083000000, 0x0000000083000000| Untracked 
|  29|0x0000000083100000, 0x0000000083100000, 0x0000000083200000|  0%| F|  |TAMS 0x0000000083100000, 0x0000000083100000| Untracked 
|  30|0x0000000083200000, 0x0000000083200000, 0x0000000083300000|  0%| F|  |TAMS 0x0000000083200000, 0x0000000083200000| Untracked 
|  31|0x0000000083300000, 0x0000000083300000, 0x0000000083400000|  0%| F|  |TAMS 0x0000000083300000, 0x0000000083300000| Untracked 
|  32|0x0000000083400000, 0x0000000083400000, 0x0000000083500000|  0%| F|  |TAMS 0x0000000083400000, 0x0000000083400000| Untracked 
|  33|0x0000000083500000, 0x0000000083500000, 0x0000000083600000|  0%| F|  |TAMS 0x0000000083500000, 0x0000000083500000| Untracked 
|  34|0x0000000083600000, 0x0000000083600000, 0x0000000083700000|  0%| F|  |TAMS 0x0000000083600000, 0x0000000083600000| Untracked 
|  35|0x0000000083700000, 0x0000000083700000, 0x0000000083800000|  0%| F|  |TAMS 0x0000000083700000, 0x0000000083700000| Untracked 
|  36|0x0000000083800000, 0x0000000083800000, 0x0000000083900000|  0%| F|  |TAMS 0x0000000083800000, 0x0000000083800000| Untracked 
|  37|0x0000000083900000, 0x0000000083900000, 0x0000000083a00000|  0%| F|  |TAMS 0x0000000083900000, 0x0000000083900000| Untracked 
|  38|0x0000000083a00000, 0x0000000083a00000, 0x0000000083b00000|  0%| F|  |TAMS 0x0000000083a00000, 0x0000000083a00000| Untracked 
|  39|0x0000000083b00000, 0x0000000083b00000, 0x0000000083c00000|  0%| F|  |TAMS 0x0000000083b00000, 0x0000000083b00000| Untracked 
|  40|0x0000000083c00000, 0x0000000083c00000, 0x0000000083d00000|  0%| F|  |TAMS 0x0000000083c00000, 0x0000000083c00000| Untracked 
|  41|0x0000000083d00000, 0x0000000083d00000, 0x0000000083e00000|  0%| F|  |TAMS 0x0000000083d00000, 0x0000000083d00000| Untracked 
|  42|0x0000000083e00000, 0x0000000083e00000, 0x0000000083f00000|  0%| F|  |TAMS 0x0000000083e00000, 0x0000000083e00000| Untracked 
|  43|0x0000000083f00000, 0x0000000083f00000, 0x0000000084000000|  0%| F|  |TAMS 0x0000000083f00000, 0x0000000083f00000| Untracked 
|  44|0x0000000084000000, 0x0000000084000000, 0x0000000084100000|  0%| F|  |TAMS 0x0000000084000000, 0x0000000084000000| Untracked 
|  45|0x0000000084100000, 0x0000000084100000, 0x0000000084200000|  0%| F|  |TAMS 0x0000000084100000, 0x0000000084100000| Untracked 
|  46|0x0000000084200000, 0x0000000084200000, 0x0000000084300000|  0%| F|  |TAMS 0x0000000084200000, 0x0000000084200000| Untracked 
|  47|0x0000000084300000, 0x0000000084300000, 0x0000000084400000|  0%| F|  |TAMS 0x0000000084300000, 0x0000000084300000| Untracked 
|  48|0x0000000084400000, 0x0000000084400000, 0x0000000084500000|  0%| F|  |TAMS 0x0000000084400000, 0x0000000084400000| Untracked 
|  49|0x0000000084500000, 0x0000000084500000, 0x0000000084600000|  0%| F|  |TAMS 0x0000000084500000, 0x0000000084500000| Untracked 
|  50|0x0000000084600000, 0x0000000084600000, 0x0000000084700000|  0%| F|  |TAMS 0x0000000084600000, 0x0000000084600000| Untracked 
|  51|0x0000000084700000, 0x0000000084700000, 0x0000000084800000|  0%| F|  |TAMS 0x0000000084700000, 0x0000000084700000| Untracked 
|  52|0x0000000084800000, 0x0000000084800000, 0x0000000084900000|  0%| F|  |TAMS 0x0000000084800000, 0x0000000084800000| Untracked 
|  53|0x0000000084900000, 0x0000000084900000, 0x0000000084a00000|  0%| F|  |TAMS 0x0000000084900000, 0x0000000084900000| Untracked 
|  54|0x0000000084a00000, 0x0000000084a00000, 0x0000000084b00000|  0%| F|  |TAMS 0x0000000084a00000, 0x0000000084a00000| Untracked 
|  55|0x0000000084b00000, 0x0000000084b00000, 0x0000000084c00000|  0%| F|  |TAMS 0x0000000084b00000, 0x0000000084b00000| Untracked 
|  56|0x0000000084c00000, 0x0000000084c00000, 0x0000000084d00000|  0%| F|  |TAMS 0x0000000084c00000, 0x0000000084c00000| Untracked 
|  57|0x0000000084d00000, 0x0000000084d00000, 0x0000000084e00000|  0%| F|  |TAMS 0x0000000084d00000, 0x0000000084d00000| Untracked 
|  58|0x0000000084e00000, 0x0000000084e00000, 0x0000000084f00000|  0%| F|  |TAMS 0x0000000084e00000, 0x0000000084e00000| Untracked 
|  59|0x0000000084f00000, 0x0000000084f00000, 0x0000000085000000|  0%| F|  |TAMS 0x0000000084f00000, 0x0000000084f00000| Untracked 
|  60|0x0000000085000000, 0x0000000085000000, 0x0000000085100000|  0%| F|  |TAMS 0x0000000085000000, 0x0000000085000000| Untracked 
|  61|0x0000000085100000, 0x0000000085100000, 0x0000000085200000|  0%| F|  |TAMS 0x0000000085100000, 0x0000000085100000| Untracked 
|  62|0x0000000085200000, 0x0000000085200000, 0x0000000085300000|  0%| F|  |TAMS 0x0000000085200000, 0x0000000085200000| Untracked 
|  63|0x0000000085300000, 0x0000000085300000, 0x0000000085400000|  0%| F|  |TAMS 0x0000000085300000, 0x0000000085300000| Untracked 
|  64|0x0000000085400000, 0x0000000085400000, 0x0000000085500000|  0%| F|  |TAMS 0x0000000085400000, 0x0000000085400000| Untracked 
|  65|0x0000000085500000, 0x0000000085500000, 0x0000000085600000|  0%| F|  |TAMS 0x0000000085500000, 0x0000000085500000| Untracked 
|  66|0x0000000085600000, 0x0000000085600000, 0x0000000085700000|  0%| F|  |TAMS 0x0000000085600000, 0x0000000085600000| Untracked 
|  67|0x0000000085700000, 0x0000000085700000, 0x0000000085800000|  0%| F|  |TAMS 0x0000000085700000, 0x0000000085700000| Untracked 
|  68|0x0000000085800000, 0x0000000085800000, 0x0000000085900000|  0%| F|  |TAMS 0x0000000085800000, 0x0000000085800000| Untracked 
|  69|0x0000000085900000, 0x0000000085900000, 0x0000000085a00000|  0%| F|  |TAMS 0x0000000085900000, 0x0000000085900000| Untracked 
|  70|0x0000000085a00000, 0x0000000085a00000, 0x0000000085b00000|  0%| F|  |TAMS 0x0000000085a00000, 0x0000000085a00000| Untracked 
|  71|0x0000000085b00000, 0x0000000085b00000, 0x0000000085c00000|  0%| F|  |TAMS 0x0000000085b00000, 0x0000000085b00000| Untracked 
|  72|0x0000000085c00000, 0x0000000085c00000, 0x0000000085d00000|  0%| F|  |TAMS 0x0000000085c00000, 0x0000000085c00000| Untracked 
|  73|0x0000000085d00000, 0x0000000085d00000, 0x0000000085e00000|  0%| F|  |TAMS 0x0000000085d00000, 0x0000000085d00000| Untracked 
|  74|0x0000000085e00000, 0x0000000085e00000, 0x0000000085f00000|  0%| F|  |TAMS 0x0000000085e00000, 0x0000000085e00000| Untracked 
|  75|0x0000000085f00000, 0x0000000085f00000, 0x0000000086000000|  0%| F|  |TAMS 0x0000000085f00000, 0x0000000085f00000| Untracked 
|  76|0x0000000086000000, 0x0000000086000000, 0x0000000086100000|  0%| F|  |TAMS 0x0000000086000000, 0x0000000086000000| Untracked 
|  77|0x0000000086100000, 0x0000000086100000, 0x0000000086200000|  0%| F|  |TAMS 0x0000000086100000, 0x0000000086100000| Untracked 
|  78|0x0000000086200000, 0x0000000086200000, 0x0000000086300000|  0%| F|  |TAMS 0x0000000086200000, 0x0000000086200000| Untracked 
|  79|0x0000000086300000, 0x0000000086300000, 0x0000000086400000|  0%| F|  |TAMS 0x0000000086300000, 0x0000000086300000| Untracked 
|  80|0x0000000086400000, 0x0000000086400000, 0x0000000086500000|  0%| F|  |TAMS 0x0000000086400000, 0x0000000086400000| Untracked 
|  81|0x0000000086500000, 0x0000000086500000, 0x0000000086600000|  0%| F|  |TAMS 0x0000000086500000, 0x0000000086500000| Untracked 
|  82|0x0000000086600000, 0x0000000086600000, 0x0000000086700000|  0%| F|  |TAMS 0x0000000086600000, 0x0000000086600000| Untracked 
|  83|0x0000000086700000, 0x0000000086700000, 0x0000000086800000|  0%| F|  |TAMS 0x0000000086700000, 0x0000000086700000| Untracked 
|  84|0x0000000086800000, 0x0000000086800000, 0x0000000086900000|  0%| F|  |TAMS 0x0000000086800000, 0x0000000086800000| Untracked 
|  85|0x0000000086900000, 0x0000000086900000, 0x0000000086a00000|  0%| F|  |TAMS 0x0000000086900000, 0x0000000086900000| Untracked 
|  86|0x0000000086a00000, 0x0000000086a00000, 0x0000000086b00000|  0%| F|  |TAMS 0x0000000086a00000, 0x0000000086a00000| Untracked 
|  87|0x0000000086b00000, 0x0000000086b00000, 0x0000000086c00000|  0%| F|  |TAMS 0x0000000086b00000, 0x0000000086b00000| Untracked 
|  88|0x0000000086c00000, 0x0000000086c00000, 0x0000000086d00000|  0%| F|  |TAMS 0x0000000086c00000, 0x0000000086c00000| Untracked 
|  89|0x0000000086d00000, 0x0000000086d00000, 0x0000000086e00000|  0%| F|  |TAMS 0x0000000086d00000, 0x0000000086d00000| Untracked 
|  90|0x0000000086e00000, 0x0000000086e00000, 0x0000000086f00000|  0%| F|  |TAMS 0x0000000086e00000, 0x0000000086e00000| Untracked 
|  91|0x0000000086f00000, 0x0000000086f00000, 0x0000000087000000|  0%| F|  |TAMS 0x0000000086f00000, 0x0000000086f00000| Untracked 
|  92|0x0000000087000000, 0x0000000087000000, 0x0000000087100000|  0%| F|  |TAMS 0x0000000087000000, 0x0000000087000000| Untracked 
|  93|0x0000000087100000, 0x0000000087100000, 0x0000000087200000|  0%| F|  |TAMS 0x0000000087100000, 0x0000000087100000| Untracked 
|  94|0x0000000087200000, 0x0000000087200000, 0x0000000087300000|  0%| F|  |TAMS 0x0000000087200000, 0x0000000087200000| Untracked 
|  95|0x0000000087300000, 0x0000000087300000, 0x0000000087400000|  0%| F|  |TAMS 0x0000000087300000, 0x0000000087300000| Untracked 
|  96|0x0000000087400000, 0x0000000087400000, 0x0000000087500000|  0%| F|  |TAMS 0x0000000087400000, 0x0000000087400000| Untracked 
|  97|0x0000000087500000, 0x00000000875ccdd0, 0x0000000087600000| 80%| S|CS|TAMS 0x0000000087500000, 0x0000000087500000| Complete 
|  98|0x0000000087600000, 0x0000000087700000, 0x0000000087700000|100%| S|CS|TAMS 0x0000000087600000, 0x0000000087600000| Complete 
|  99|0x0000000087700000, 0x0000000087700000, 0x0000000087800000|  0%| F|  |TAMS 0x0000000087700000, 0x0000000087700000| Untracked 
| 100|0x0000000087800000, 0x0000000087800000, 0x0000000087900000|  0%| F|  |TAMS 0x0000000087800000, 0x0000000087800000| Untracked 
| 101|0x0000000087900000, 0x0000000087900000, 0x0000000087a00000|  0%| F|  |TAMS 0x0000000087900000, 0x0000000087900000| Untracked 
| 102|0x0000000087a00000, 0x0000000087a00000, 0x0000000087b00000|  0%| F|  |TAMS 0x0000000087a00000, 0x0000000087a00000| Untracked 
| 103|0x0000000087b00000, 0x0000000087b00000, 0x0000000087c00000|  0%| F|  |TAMS 0x0000000087b00000, 0x0000000087b00000| Untracked 
| 104|0x0000000087c00000, 0x0000000087c00000, 0x0000000087d00000|  0%| F|  |TAMS 0x0000000087c00000, 0x0000000087c00000| Untracked 
| 105|0x0000000087d00000, 0x0000000087d00000, 0x0000000087e00000|  0%| F|  |TAMS 0x0000000087d00000, 0x0000000087d00000| Untracked 
| 106|0x0000000087e00000, 0x0000000087e00000, 0x0000000087f00000|  0%| F|  |TAMS 0x0000000087e00000, 0x0000000087e00000| Untracked 
| 107|0x0000000087f00000, 0x0000000087f00000, 0x0000000088000000|  0%| F|  |TAMS 0x0000000087f00000, 0x0000000087f00000| Untracked 
| 108|0x0000000088000000, 0x0000000088000000, 0x0000000088100000|  0%| F|  |TAMS 0x0000000088000000, 0x0000000088000000| Untracked 
| 109|0x0000000088100000, 0x0000000088100000, 0x0000000088200000|  0%| F|  |TAMS 0x0000000088100000, 0x0000000088100000| Untracked 
| 110|0x0000000088200000, 0x0000000088200000, 0x0000000088300000|  0%| F|  |TAMS 0x0000000088200000, 0x0000000088200000| Untracked 
| 111|0x0000000088300000, 0x0000000088300000, 0x0000000088400000|  0%| F|  |TAMS 0x0000000088300000, 0x0000000088300000| Untracked 
| 112|0x0000000088400000, 0x0000000088400000, 0x0000000088500000|  0%| F|  |TAMS 0x0000000088400000, 0x0000000088400000| Untracked 
| 113|0x0000000088500000, 0x0000000088500000, 0x0000000088600000|  0%| F|  |TAMS 0x0000000088500000, 0x0000000088500000| Untracked 
| 114|0x0000000088600000, 0x0000000088600000, 0x0000000088700000|  0%| F|  |TAMS 0x0000000088600000, 0x0000000088600000| Untracked 
| 115|0x0000000088700000, 0x0000000088700000, 0x0000000088800000|  0%| F|  |TAMS 0x0000000088700000, 0x0000000088700000| Untracked 
| 116|0x0000000088800000, 0x0000000088800000, 0x0000000088900000|  0%| F|  |TAMS 0x0000000088800000, 0x0000000088800000| Untracked 
| 117|0x0000000088900000, 0x0000000088900000, 0x0000000088a00000|  0%| F|  |TAMS 0x0000000088900000, 0x0000000088900000| Untracked 
| 118|0x0000000088a00000, 0x0000000088a00000, 0x0000000088b00000|  0%| F|  |TAMS 0x0000000088a00000, 0x0000000088a00000| Untracked 
| 119|0x0000000088b00000, 0x0000000088b00000, 0x0000000088c00000|  0%| F|  |TAMS 0x0000000088b00000, 0x0000000088b00000| Untracked 
| 120|0x0000000088c00000, 0x0000000088c00000, 0x0000000088d00000|  0%| F|  |TAMS 0x0000000088c00000, 0x0000000088c00000| Untracked 
| 121|0x0000000088d00000, 0x0000000088e00000, 0x0000000088e00000|100%| E|  |TAMS 0x0000000088d00000, 0x0000000088d00000| Complete 
| 122|0x0000000088e00000, 0x0000000088f00000, 0x0000000088f00000|100%| E|CS|TAMS 0x0000000088e00000, 0x0000000088e00000| Complete 
| 123|0x0000000088f00000, 0x0000000089000000, 0x0000000089000000|100%| E|CS|TAMS 0x0000000088f00000, 0x0000000088f00000| Complete 
| 124|0x0000000089000000, 0x0000000089100000, 0x0000000089100000|100%| E|CS|TAMS 0x0000000089000000, 0x0000000089000000| Complete 
| 125|0x0000000089100000, 0x0000000089200000, 0x0000000089200000|100%| E|CS|TAMS 0x0000000089100000, 0x0000000089100000| Complete 
| 126|0x0000000089200000, 0x0000000089300000, 0x0000000089300000|100%| E|CS|TAMS 0x0000000089200000, 0x0000000089200000| Complete 
| 127|0x0000000089300000, 0x0000000089400000, 0x0000000089400000|100%| E|CS|TAMS 0x0000000089300000, 0x0000000089300000| Complete 

Card table byte_map: [0x000002371b860000,0x000002371bc60000] _byte_map_base: 0x000002371b456000

Marking Bits (Prev, Next): (CMBitMap*) 0x0000023704008398, (CMBitMap*) 0x00000237040083d0
 Prev Bits: [0x000002371c060000, 0x000002371e010000)
 Next Bits: [0x000002371e010000, 0x000002371ffc0000)

Polling page: 0x00000237037b0000

Metaspace:

Usage:
  Non-class:     16.21 MB capacity,    15.99 MB ( 99%) used,   208.05 KB (  1%) free+waste,    20.13 KB ( <1%) overhead. 
      Class:      2.06 MB capacity,     1.95 MB ( 94%) used,   111.27 KB (  5%) free+waste,     8.31 KB ( <1%) overhead. 
       Both:     18.28 MB capacity,    17.94 MB ( 98%) used,   319.32 KB (  2%) free+waste,    28.44 KB ( <1%) overhead. 

Virtual space:
  Non-class space:       20.00 MB reserved,      16.25 MB ( 81%) committed 
      Class space:        1.00 GB reserved,       2.13 MB ( <1%) committed 
             Both:        1.02 GB reserved,      18.38 MB (  2%) committed 

Chunk freelists:
   Non-Class:  5.00 KB
       Class:  0 bytes
        Both:  5.00 KB

CodeHeap 'non-profiled nmethods': size=120064Kb used=689Kb max_used=689Kb free=119374Kb
 bounds [0x0000023713f20000, 0x0000023714190000, 0x000002371b460000]
CodeHeap 'profiled nmethods': size=120000Kb used=3942Kb max_used=3942Kb free=116058Kb
 bounds [0x000002370c9f0000, 0x000002370cdd0000, 0x0000023713f20000]
CodeHeap 'non-nmethods': size=5696Kb used=1100Kb max_used=1115Kb free=4595Kb
 bounds [0x000002370c460000, 0x000002370c6d0000, 0x000002370c9f0000]
 total_blobs=2361 nmethods=1952 adapters=320
 compilation: enabled
              stopped_count=0, restarted_count=0
 full_count=0

Compilation events (10 events):
Event: 11.789 Thread 0x00000237224eb800 1789   !   3       com.google.common.cache.LocalCache$LoadingValueReference::loadFuture (125 bytes)
Event: 11.790 Thread 0x00000237224eb800 nmethod 1789 0x000002370cd6e790 code [0x000002370cd6ea80, 0x000002370cd6f958]
Event: 11.790 Thread 0x00000237224eb800 1791       3       org.eclipse.sisu.bean.DeclaredMembers$MemberIterator::next (5 bytes)
Event: 11.791 Thread 0x00000237224eb800 nmethod 1791 0x000002370cd70190 code [0x000002370cd70360, 0x000002370cd70638]
Event: 11.791 Thread 0x00000237224eb800 1790       3       com.google.inject.internal.InjectorImpl::isProvider (13 bytes)
Event: 11.791 Thread 0x00000237224eb800 nmethod 1790 0x000002370cd70790 code [0x000002370cd70940, 0x000002370cd70bb8]
Event: 11.791 Thread 0x00000237224eb800 1792       3       java.util.ArrayList::<init> (61 bytes)
Event: 11.792 Thread 0x00000237224eb800 nmethod 1792 0x000002370cd70d10 code [0x000002370cd70fa0, 0x000002370cd71af8]
Event: 11.792 Thread 0x00000237224eb800 1793       3       org.eclipse.sisu.bean.BeanPropertyField::getName (8 bytes)
Event: 11.792 Thread 0x00000237224eb800 nmethod 1793 0x000002370cd71e90 code [0x000002370cd72020, 0x000002370cd72138]

GC Heap History (6 events):
Event: 9.113 GC heap before
{Heap before GC invocations=0 (full 0):
 garbage-first heap   total 131072K, used 14336K [0x0000000081400000, 0x0000000100000000)
  region size 1024K, 14 young (14336K), 0 survivors (0K)
 Metaspace       used 11119K, capacity 11305K, committed 11392K, reserved 1058816K
  class space    used 1063K, capacity 1152K, committed 1152K, reserved 1048576K
}
Event: 9.119 GC heap after
{Heap after GC invocations=1 (full 0):
 garbage-first heap   total 131072K, used 3012K [0x0000000081400000, 0x0000000100000000)
  region size 1024K, 2 young (2048K), 2 survivors (2048K)
 Metaspace       used 11119K, capacity 11305K, committed 11392K, reserved 1058816K
  class space    used 1063K, capacity 1152K, committed 1152K, reserved 1048576K
}
Event: 9.697 GC heap before
{Heap before GC invocations=1 (full 0):
 garbage-first heap   total 131072K, used 13252K [0x0000000081400000, 0x0000000100000000)
  region size 1024K, 12 young (12288K), 2 survivors (2048K)
 Metaspace       used 12583K, capacity 12725K, committed 12928K, reserved 1060864K
  class space    used 1267K, capacity 1348K, committed 1408K, reserved 1048576K
}
Event: 9.702 GC heap after
{Heap after GC invocations=2 (full 0):
 garbage-first heap   total 131072K, used 3670K [0x0000000081400000, 0x0000000100000000)
  region size 1024K, 1 young (1024K), 1 survivors (1024K)
 Metaspace       used 12583K, capacity 12725K, committed 12928K, reserved 1060864K
  class space    used 1267K, capacity 1348K, committed 1408K, reserved 1048576K
}
Event: 11.212 GC heap before
{Heap before GC invocations=2 (full 0):
 garbage-first heap   total 131072K, used 32342K [0x0000000081400000, 0x0000000100000000)
  region size 1024K, 29 young (29696K), 1 survivors (1024K)
 Metaspace       used 16733K, capacity 16978K, committed 17024K, reserved 1064960K
  class space    used 1798K, capacity 1907K, committed 1920K, reserved 1048576K
}
Event: 11.216 GC heap after
{Heap after GC invocations=3 (full 0):
 garbage-first heap   total 131072K, used 4915K [0x0000000081400000, 0x0000000100000000)
  region size 1024K, 2 young (2048K), 2 survivors (2048K)
 Metaspace       used 16733K, capacity 16978K, committed 17024K, reserved 1064960K
  class space    used 1798K, capacity 1907K, committed 1920K, reserved 1048576K
}

Deoptimization events (10 events):
Event: 9.728 Thread 0x0000023703fc8800 Uncommon trap: reason=unstable_if action=reinterpret pc=0x0000023713f6f75c method=org.codehaus.plexus.util.xml.pull.MXParser.nextImpl()I @ 241 c2
Event: 9.729 Thread 0x0000023703fc8800 Uncommon trap: reason=bimorphic_or_optimized_type_check action=maybe_recompile pc=0x0000023713f5ef4c method=java.util.HashMap.getNode(ILjava/lang/Object;)Ljava/util/HashMap$Node; @ 126 c2
Event: 9.731 Thread 0x0000023703fc8800 Uncommon trap: reason=bimorphic_or_optimized_type_check action=maybe_recompile pc=0x0000023713f5ef4c method=java.util.HashMap.getNode(ILjava/lang/Object;)Ljava/util/HashMap$Node; @ 126 c2
Event: 9.737 Thread 0x0000023703fc8800 Uncommon trap: reason=bimorphic_or_optimized_type_check action=maybe_recompile pc=0x0000023713f5ef4c method=java.util.HashMap.getNode(ILjava/lang/Object;)Ljava/util/HashMap$Node; @ 126 c2
Event: 9.858 Thread 0x0000023703fc8800 Uncommon trap: reason=unstable_if action=reinterpret pc=0x0000023713f6c10c method=sun.nio.cs.StreamDecoder.implRead([CII)I @ 197 c2
Event: 9.938 Thread 0x0000023703fc8800 Uncommon trap: reason=bimorphic_or_optimized_type_check action=maybe_recompile pc=0x0000023713f802b0 method=java.util.HashMap.putVal(ILjava/lang/Object;Ljava/lang/Object;ZZ)Ljava/lang/Object; @ 203 c2
Event: 10.153 Thread 0x0000023703fc8800 Uncommon trap: reason=unstable_if action=reinterpret pc=0x0000023713f83130 method=java.lang.String.<init>([CIILjava/lang/Void;)V @ 5 c2
Event: 10.358 Thread 0x0000023703fc8800 Uncommon trap: reason=bimorphic_or_optimized_type_check action=maybe_recompile pc=0x0000023713f802b0 method=java.util.HashMap.putVal(ILjava/lang/Object;Ljava/lang/Object;ZZ)Ljava/lang/Object; @ 203 c2
Event: 11.319 Thread 0x0000023703fc8800 Uncommon trap: reason=bimorphic_or_optimized_type_check action=maybe_recompile pc=0x0000023713f802b0 method=java.util.HashMap.putVal(ILjava/lang/Object;Ljava/lang/Object;ZZ)Ljava/lang/Object; @ 203 c2
Event: 11.319 Thread 0x0000023703fc8800 Uncommon trap: reason=bimorphic_or_optimized_type_check action=maybe_recompile pc=0x0000023713f802b0 method=java.util.HashMap.putVal(ILjava/lang/Object;Ljava/lang/Object;ZZ)Ljava/lang/Object; @ 203 c2

Classes redefined (0 events):
No events

Internal exceptions (4 events):
Event: 7.445 Thread 0x0000023703fc8800 Exception <a 'java/lang/NoSuchMethodError'{0x0000000089025098}: java.lang.invoke.DirectMethodHandle$Holder.invokeSpecialIFC(Ljava/lang/Object;Ljava/lang/Object;I)I> (0x0000000089025098) thrown at [./open/src/hotspot/share/interpreter/linkResolver.cpp, lin
Event: 11.653 Thread 0x0000023703fc8800 Exception <a 'java/lang/NoClassDefFoundError'{0x0000000088e171d0}: com/google/inject/servlet/ServletModuleTargetVisitor> (0x0000000088e171d0) thrown at [./open/src/hotspot/share/classfile/systemDictionary.cpp, line 217]
Event: 11.653 Thread 0x0000023703fc8800 Exception <a 'java/lang/NoClassDefFoundError'{0x0000000088e171d0}> (0x0000000088e171d0) thrown at [./open/src/hotspot/share/prims/jvm.cpp, line 1309]
Event: 11.654 Thread 0x0000023703fc8800 Exception <a 'java/lang/NoClassDefFoundError'{0x0000000088e1a1e8}: javax/annotation/Priority> (0x0000000088e1a1e8) thrown at [./open/src/hotspot/share/classfile/systemDictionary.cpp, line 217]

Events (10 events):
Event: 11.716 loading class java/util/Random
Event: 11.753 loading class java/util/Random done
Event: 11.754 loading class java/util/TreeMap$EntrySet
Event: 11.787 loading class java/util/TreeMap$EntrySet done
Event: 11.787 loading class java/util/TreeMap$EntryIterator
Event: 11.787 loading class java/util/TreeMap$EntryIterator done
Event: 11.787 loading class org/codehaus/plexus/classworlds/realm/Entry
Event: 11.787 loading class org/codehaus/plexus/classworlds/realm/Entry done
Event: 11.792 loading class java/util/concurrent/ThreadPoolExecutor
Event: 11.817 loading class java/util/concurrent/AbstractExecutorService


Dynamic libraries:
0x00007ff753440000 - 0x00007ff75344f000 	C:\Program Files\Java\jdk-11.0.10\bin\java.exe
0x00007ffc98db0000 - 0x00007ffc98fa6000 	C:\Windows\SYSTEM32\ntdll.dll
0x00007ffc96e10000 - 0x00007ffc96ecd000 	C:\Windows\System32\KERNEL32.DLL
0x00007ffc965b0000 - 0x00007ffc96879000 	C:\Windows\System32\KERNELBASE.dll
0x00007ffc96d10000 - 0x00007ffc96e10000 	C:\Windows\System32\ucrtbase.dll
0x00007ffc75cf0000 - 0x00007ffc75d05000 	C:\Program Files\Java\jdk-11.0.10\bin\VCRUNTIME140.dll
0x00007ffc74780000 - 0x00007ffc74798000 	C:\Program Files\Java\jdk-11.0.10\bin\jli.dll
0x00007ffc98a00000 - 0x00007ffc98aac000 	C:\Windows\System32\ADVAPI32.dll
0x00007ffc98960000 - 0x00007ffc989fe000 	C:\Windows\System32\msvcrt.dll
0x00007ffc97870000 - 0x00007ffc9790c000 	C:\Windows\System32\sechost.dll
0x00007ffc98bb0000 - 0x00007ffc98cdb000 	C:\Windows\System32\RPCRT4.dll
0x00007ffc976d0000 - 0x00007ffc97870000 	C:\Windows\System32\USER32.dll
0x00007ffc964f0000 - 0x00007ffc96512000 	C:\Windows\System32\win32u.dll
0x00007ffc973d0000 - 0x00007ffc973fa000 	C:\Windows\System32\GDI32.dll
0x00007ffc84c10000 - 0x00007ffc84eab000 	C:\Windows\WinSxS\amd64_microsoft.windows.common-controls_6595b64144ccf1df_6.0.19041.746_none_ca02b4b61b8320a4\COMCTL32.dll
0x00007ffc96880000 - 0x00007ffc9698b000 	C:\Windows\System32\gdi32full.dll
0x00007ffc96bf0000 - 0x00007ffc96c8d000 	C:\Windows\System32\msvcp_win.dll
0x00007ffc87aa0000 - 0x00007ffc87aaa000 	C:\Windows\SYSTEM32\VERSION.dll
0x00007ffc983c0000 - 0x00007ffc983f0000 	C:\Windows\System32\IMM32.DLL
0x00007ffc69b50000 - 0x00007ffc69beb000 	C:\Program Files\Java\jdk-11.0.10\bin\msvcp140.dll
0x00007ffc4b3f0000 - 0x00007ffc4beeb000 	C:\Program Files\Java\jdk-11.0.10\bin\server\jvm.dll
0x00007ffc983f0000 - 0x00007ffc983f8000 	C:\Windows\System32\PSAPI.DLL
0x00007ffc83580000 - 0x00007ffc83589000 	C:\Windows\SYSTEM32\WSOCK32.dll
0x00007ffc8acf0000 - 0x00007ffc8ad17000 	C:\Windows\SYSTEM32\WINMM.dll
0x00007ffc979c0000 - 0x00007ffc97a2b000 	C:\Windows\System32\WS2_32.dll
0x00007ffc94320000 - 0x00007ffc94332000 	C:\Windows\SYSTEM32\kernel.appcore.dll
0x00007ffc82760000 - 0x00007ffc82770000 	C:\Program Files\Java\jdk-11.0.10\bin\verify.dll
0x00007ffc85430000 - 0x00007ffc85614000 	C:\Windows\SYSTEM32\DBGHELP.DLL
0x00007ffc85140000 - 0x00007ffc8516c000 	C:\Windows\SYSTEM32\dbgcore.DLL
0x00007ffc96c90000 - 0x00007ffc96d10000 	C:\Windows\System32\bcryptPrimitives.dll
0x00007ffc70a30000 - 0x00007ffc70a58000 	C:\Program Files\Java\jdk-11.0.10\bin\java.dll
0x00007ffc82720000 - 0x00007ffc8272a000 	C:\Program Files\Java\jdk-11.0.10\bin\jimage.dll
0x00007ffc72570000 - 0x00007ffc72586000 	C:\Program Files\Java\jdk-11.0.10\bin\zip.dll
0x00007ffc97ae0000 - 0x00007ffc98222000 	C:\Windows\System32\SHELL32.dll
0x00007ffc94600000 - 0x00007ffc94d90000 	C:\Windows\SYSTEM32\windows.storage.dll
0x00007ffc97070000 - 0x00007ffc973c6000 	C:\Windows\System32\combase.dll
0x00007ffc95db0000 - 0x00007ffc95ddc000 	C:\Windows\SYSTEM32\Wldp.dll
0x00007ffc97a30000 - 0x00007ffc97ade000 	C:\Windows\System32\SHCORE.dll
0x00007ffc96fb0000 - 0x00007ffc97005000 	C:\Windows\System32\shlwapi.dll
0x00007ffc963d0000 - 0x00007ffc963f6000 	C:\Windows\SYSTEM32\profapi.dll
0x00007ffc71d30000 - 0x00007ffc71d49000 	C:\Program Files\Java\jdk-11.0.10\bin\net.dll
0x00007ffc8d1f0000 - 0x00007ffc8d2f0000 	C:\Windows\SYSTEM32\WINHTTP.dll
0x00007ffc95ba0000 - 0x00007ffc95c0a000 	C:\Windows\system32\mswsock.dll
0x00007ffc70c20000 - 0x00007ffc70c32000 	C:\Program Files\Java\jdk-11.0.10\bin\nio.dll
0x00007ffc81580000 - 0x00007ffc8158a000 	C:\apache-maven-3.6.3\lib\jansi-native\windows64\jansi.dll

dbghelp: loaded successfully - version: 4.0.5 - missing functions: none
symbol engine: initialized successfully - sym options: 0x614 - pdb path: .;C:\Program Files\Java\jdk-11.0.10\bin;C:\Windows\SYSTEM32;C:\Windows\WinSxS\amd64_microsoft.windows.common-controls_6595b64144ccf1df_6.0.19041.746_none_ca02b4b61b8320a4;C:\Program Files\Java\jdk-11.0.10\bin\server;C:\apache-maven-3.6.3\lib\jansi-native\windows64

VM Arguments:
jvm_args: -Dclassworlds.conf=C:\apache-maven-3.6.3\bin\..\bin\m2.conf -Dmaven.home=C:\apache-maven-3.6.3\bin\.. -Dlibrary.jansi.path=C:\apache-maven-3.6.3\bin\..\lib\jansi-native -Dmaven.multiModuleProjectDirectory=e:\Desktop\AREP\AREP-LAB-5 
java_command: org.codehaus.plexus.classworlds.launcher.Launcher help:effective-pom -Doutput=c:\Users\user\AppData\Roaming\Code\User\workspaceStorage\f9cdd8425b25760165ddc5b479f73cf3\vscjava.vscode-maven\a8af915260466bd334d3b90de734d7e5 -f e:\Desktop\AREP\AREP-LAB-5\pom.xml
java_class_path (initial): C:\apache-maven-3.6.3\bin\..\boot\plexus-classworlds-2.6.0.jar
Launcher Type: SUN_STANDARD

[Global flags]
     intx CICompilerCount                          = 3                                         {product} {ergonomic}
     uint ConcGCThreads                            = 1                                         {product} {ergonomic}
     uint G1ConcRefinementThreads                  = 4                                         {product} {ergonomic}
   size_t G1HeapRegionSize                         = 1048576                                   {product} {ergonomic}
    uintx GCDrainStackTargetSize                   = 64                                        {product} {ergonomic}
   size_t InitialHeapSize                          = 134217728                                 {product} {ergonomic}
   size_t MarkStackSize                            = 4194304                                   {product} {ergonomic}
   size_t MaxHeapSize                              = 2126512128                                {product} {ergonomic}
   size_t MaxNewSize                               = 1275068416                                {product} {ergonomic}
   size_t MinHeapDeltaBytes                        = 1048576                                   {product} {ergonomic}
    uintx NonNMethodCodeHeapSize                   = 5830732                                {pd product} {ergonomic}
    uintx NonProfiledCodeHeapSize                  = 122913754                              {pd product} {ergonomic}
    uintx ProfiledCodeHeapSize                     = 122913754                              {pd product} {ergonomic}
    uintx ReservedCodeCacheSize                    = 251658240                              {pd product} {ergonomic}
     bool SegmentedCodeCache                       = true                                      {product} {ergonomic}
     bool UseCompressedClassPointers               = true                                 {lp64_product} {ergonomic}
     bool UseCompressedOops                        = true                                 {lp64_product} {ergonomic}
     bool UseG1GC                                  = true                                      {product} {ergonomic}
     bool UseLargePagesIndividualAllocation        = false                                  {pd product} {ergonomic}

Logging:
Log output configuration:
 #0: stdout all=warning uptime,level,tags
 #1: stderr all=off uptime,level,tags

Environment Variables:
JAVA_HOME=C:\Program Files\Java\jdk-11.0.10
CLASSPATH=C:\Program Files (x86)\Java\jre1.8.0_261
PATH=C:\Program Files\Common Files\Oracle\Java\javapath;C:\Program Files\AdoptOpenJDK\jdk-8.0.282.8-hotspot\bin;C:\Users\user\AppData\Local\Programs\Python\Python39\Scripts\;C:\Users\user\AppData\Local\Programs\Python\Python39\;C:\Windows\system32;C:\Windows;C:\Windows\System32\Wbem;C:\Windows\System32\WindowsPowerShell\v1.0\;C:\Windows\System32\OpenSSH\;C:\Program Files\Git\cmd;C:\Program Files\Microsoft SQL Server\130\Tools\Binn\;C:\Program Files\PuTTY\;C:\apache-maven-3.6.3\bin;C:\Program Files\nodejs\;C:\ProgramData\chocolatey\bin;C:\Program Files\Java\jdk-11.0.10\bin;C:\Program Files\Docker\Docker\resources\bin;C:\ProgramData\DockerDesktop\version-bin;C:\gradle\gradle-6.8.3\bin;C:\Program Files\MySQL\MySQL Shell 8.0\bin\;C:\Users\user\AppData\Local\Microsoft\WindowsApps;%IntelliJ IDEA Community Edition%;C:\Program Files\heroku\bin;C:\Users\user\AppData\Local\Programs\Microsoft VS Code\bin;C:\apache-maven-3.6.3\bin;C:\Users\user\AppData\Roaming\npm;C:\Program Files\Java\jdk-11.0.10\bin;C:\gradle\gradle-6.8.3\bin;
USERNAME=user
OS=Windows_NT
PROCESSOR_IDENTIFIER=Intel64 Family 6 Model 61 Stepping 4, GenuineIntel



---------------  S Y S T E M  ---------------

OS: Windows 10 , 64 bit Build 19041 (10.0.19041.804)
Hyper-V role detected

CPU:total 4 (initial active 4) (2 cores per cpu, 2 threads per core) family 6 model 61 stepping 4 microcode 0x2d, cmov, cx8, fxsr, mmx, sse, sse2, sse3, ssse3, sse4.1, sse4.2, popcnt, avx, avx2, aes, clmul, erms, 3dnowpref, lzcnt, ht, tsc, tscinvbit, bmi1, bmi2, adx, fma

Memory: 4k page, system-wide physical 8111M (536M free)
TotalPageFile size 8111M (AvailPageFile size 2M)
current process WorkingSet (physical memory assigned to process): 101M, peak: 101M
current process commit charge ("private bytes"): 228M, peak: 228M

vm_info: Java HotSpot(TM) 64-Bit Server VM (11.0.10+8-LTS-162) for windows-amd64 JRE (11.0.10+8-LTS-162), built on Dec  8 2020 16:32:57 by "mach5one" with MS VC++ 15.9 (VS2017)

END.
